<?xml version="1.0" encoding="UTF-8"?>
<!-- Generated by org.testng.reporters.JUnitReportReporter -->
<testsuite hostname="DESKTOP-OLAN7J1" failures="0" tests="1" name="seleniumProject.SearchProduct" time="0.244" errors="0" timestamp="2023-10-19T00:40:02 IST" skipped="0">
  <testcase classname="seleniumProject.SearchProduct" name="search" time="0.244"/>
</testsuite> <!-- seleniumProject.SearchProduct -->
