<?xml version="1.0" encoding="UTF-8"?>
<!-- Generated by org.testng.reporters.JUnitReportReporter -->
<testsuite hostname="DESKTOP-OLAN7J1" failures="0" tests="2" name="seleniumProject.Login" time="28.213" errors="0" timestamp="2023-10-19T00:40:02 IST" skipped="0">
  <testcase classname="seleniumProject.Login" name="correct_login" time="14.657"/>
  <testcase classname="seleniumProject.Login" name="Incorrect_login2" time="13.556"/>
</testsuite> <!-- seleniumProject.Login -->
